<?xml version="1.0" encoding="UTF-8"?>
<testsuites>
  <testsuite name="CodeIgniter Application Test Suite" tests="12" assertions="9" failures="0" errors="1" time="0.342251">
    <testsuite name="Api_test" file="/var/www/dewslandslidepms/codeigniter/application/tests/controllers/Api_test.php" tests="9" assertions="6" failures="0" errors="1" time="0.281525">
      <testcase name="testInsertDynaslopeTeam" class="Api_test" file="/var/www/dewslandslidepms/codeigniter/application/tests/controllers/Api_test.php" line="4" assertions="1" time="0.038252"/>
      <testcase name="testInsertModule" class="Api_test" file="/var/www/dewslandslidepms/codeigniter/application/tests/controllers/Api_test.php" line="9" assertions="1" time="0.030939"/>
      <testcase name="testInsertMetric" class="Api_test" file="/var/www/dewslandslidepms/codeigniter/application/tests/controllers/Api_test.php" line="14" assertions="1" time="0.032024"/>
      <testcase name="testInsertAccuracyReport" class="Api_test" file="/var/www/dewslandslidepms/codeigniter/application/tests/controllers/Api_test.php" line="19" assertions="1" time="0.039446"/>
      <testcase name="testInsertErrorRateReport" class="Api_test" file="/var/www/dewslandslidepms/codeigniter/application/tests/controllers/Api_test.php" line="34" assertions="1" time="0.039009"/>
      <testcase name="testInsertTimelinessReport" class="Api_test" file="/var/www/dewslandslidepms/codeigniter/application/tests/controllers/Api_test.php" line="48" assertions="1" time="0.042194"/>
      <testcase name="testInsertAccuracyReportWithoutMetric" class="Api_test" file="/var/www/dewslandslidepms/codeigniter/application/tests/controllers/Api_test.php" line="62" assertions="0" time="0.034776">
        <error type="PHPUnit_Framework_ExceptionWrapper">Api_test::testInsertAccuracyReportWithoutMetric
RuntimeException: Use of undefined constant variable - assumed 'variable' on line 48 in file /var/www/dewslandslidepms/codeigniter/application/models/Pms_model.php

/var/www/dewslandslidepms/codeigniter/application/tests/_ci_phpunit_test/CIPHPUnitTestCase.php:168
/var/www/dewslandslidepms/codeigniter/application/models/Pms_model.php:48
/var/www/dewslandslidepms/codeigniter/application/controllers/Api.php:21
/var/www/dewslandslidepms/codeigniter/application/tests/_ci_phpunit_test/CIPHPUnitTestRequest.php:353
/var/www/dewslandslidepms/codeigniter/application/tests/_ci_phpunit_test/CIPHPUnitTestRequest.php:242
/var/www/dewslandslidepms/codeigniter/application/tests/_ci_phpunit_test/CIPHPUnitTestRequest.php:147
/var/www/dewslandslidepms/codeigniter/application/tests/_ci_phpunit_test/CIPHPUnitTestCase.php:143
/var/www/dewslandslidepms/codeigniter/application/tests/controllers/Api_test.php:73
</error>
      </testcase>
      <testcase name="testInsertErrorRateReportWithoutMetric" class="Api_test" file="/var/www/dewslandslidepms/codeigniter/application/tests/controllers/Api_test.php" line="80" assertions="0" time="0.013606"/>
      <testcase name="testInsertTimelinessReportWithoutMetric" class="Api_test" file="/var/www/dewslandslidepms/codeigniter/application/tests/controllers/Api_test.php" line="93" assertions="0" time="0.011279"/>
    </testsuite>
    <testsuite name="Welcome_test" file="/var/www/dewslandslidepms/codeigniter/application/tests/controllers/Welcome_test.php" tests="3" assertions="3" failures="0" errors="0" time="0.060725">
      <testcase name="test_index" class="Welcome_test" file="/var/www/dewslandslidepms/codeigniter/application/tests/controllers/Welcome_test.php" line="13" assertions="1" time="0.025844"/>
      <testcase name="test_method_404" class="Welcome_test" file="/var/www/dewslandslidepms/codeigniter/application/tests/controllers/Welcome_test.php" line="19" assertions="1" time="0.024006"/>
      <testcase name="test_APPPATH" class="Welcome_test" file="/var/www/dewslandslidepms/codeigniter/application/tests/controllers/Welcome_test.php" line="25" assertions="1" time="0.010875"/>
    </testsuite>
  </testsuite>
</testsuites>
